<?xml version="1.0" encoding="UTF-8"?>
<!-- Generated by org.testng.reporters.JUnitReportReporter -->
<testsuite hostname="DESKTOP-V3J6DCO" failures="0" tests="3" name="testes.LoginTest" time="5.530" errors="0" timestamp="2025-05-20T22:47:52 BRT" skipped="0">
  <testcase classname="testes.LoginTest" name="naoDeveLogarEmailIncorreto" time="1.587"/>
  <testcase classname="testes.LoginTest" name="naoDeveLogarSenhaIncorreta" time="2.099"/>
  <testcase classname="testes.LoginTest" name="naoDeveLogarCamposEmBranco" time="1.844"/>
</testsuite> <!-- testes.LoginTest -->
