<?xml version="1.0" encoding="UTF-8"?>
<!-- Generated by org.testng.reporters.JUnitReportReporter -->
<testsuite hostname="DESKTOP-V3J6DCO" failures="0" tests="5" name="testes.LoginTest" time="9.833" errors="0" timestamp="2025-05-19T21:35:07 BRT" skipped="0">
  <testcase classname="testes.LoginTest" name="logoutSucesso" time="3.024"/>
  <testcase classname="testes.LoginTest" name="loginSucesso" time="1.982"/>
  <testcase classname="testes.LoginTest" name="naoDeveLogarEmailIncorreto" time="1.520"/>
  <testcase classname="testes.LoginTest" name="naoDeveLogarSenhaIncorreta" time="1.944"/>
  <testcase classname="testes.LoginTest" name="naoDeveLogarCamposEmBranco" time="1.363"/>
</testsuite> <!-- testes.LoginTest -->
